Determining if the pthread_create exist failed with the following output:
Change Dir: /home/pc-robot/Workspace/demo/roscpp/build/CMakeFiles/CMakeTmp

Run Build Command:/usr/bin/make "cmTryCompileExec2420800965/fast"
/usr/bin/make -f CMakeFiles/cmTryCompileExec2420800965.dir/build.make CMakeFiles/cmTryCompileExec2420800965.dir/build
make[1]: Entering directory `/home/pc-robot/Workspace/demo/roscpp/build/CMakeFiles/CMakeTmp'
/usr/bin/cmake -E cmake_progress_report /home/pc-robot/Workspace/demo/roscpp/build/CMakeFiles/CMakeTmp/CMakeFiles 1
Building C object CMakeFiles/cmTryCompileExec2420800965.dir/CheckSymbolExists.c.o
/usr/bin/cc    -o CMakeFiles/cmTryCompileExec2420800965.dir/CheckSymbolExists.c.o   -c /home/pc-robot/Workspace/demo/roscpp/build/CMakeFiles/CMakeTmp/CheckSymbolExists.c
Linking C executable cmTryCompileExec2420800965
/usr/bin/cmake -E cmake_link_script CMakeFiles/cmTryCompileExec2420800965.dir/link.txt --verbose=1
/usr/bin/cc       CMakeFiles/cmTryCompileExec2420800965.dir/CheckSymbolExists.c.o  -o cmTryCompileExec2420800965 -rdynamic 
CMakeFiles/cmTryCompileExec2420800965.dir/CheckSymbolExists.c.o: In function `main':
CheckSymbolExists.c:(.text+0x16): undefined reference to `pthread_create'
collect2: error: ld returned 1 exit status
make[1]: Leaving directory `/home/pc-robot/Workspace/demo/roscpp/build/CMakeFiles/CMakeTmp'
make[1]: *** [cmTryCompileExec2420800965] Error 1
make: *** [cmTryCompileExec2420800965/fast] Error 2

File /home/pc-robot/Workspace/demo/roscpp/build/CMakeFiles/CMakeTmp/CheckSymbolExists.c:
/* */
#include <pthread.h>

int main(int argc, char** argv)
{
  (void)argv;
#ifndef pthread_create
  return ((int*)(&pthread_create))[argc];
#else
  (void)argc;
  return 0;
#endif
}

Determining if the function pthread_create exists in the pthreads failed with the following output:
Change Dir: /home/pc-robot/Workspace/demo/roscpp/build/CMakeFiles/CMakeTmp

Run Build Command:/usr/bin/make "cmTryCompileExec629879269/fast"
/usr/bin/make -f CMakeFiles/cmTryCompileExec629879269.dir/build.make CMakeFiles/cmTryCompileExec629879269.dir/build
make[1]: Entering directory `/home/pc-robot/Workspace/demo/roscpp/build/CMakeFiles/CMakeTmp'
/usr/bin/cmake -E cmake_progress_report /home/pc-robot/Workspace/demo/roscpp/build/CMakeFiles/CMakeTmp/CMakeFiles 1
Building C object CMakeFiles/cmTryCompileExec629879269.dir/CheckFunctionExists.c.o
/usr/bin/cc   -DCHECK_FUNCTION_EXISTS=pthread_create   -o CMakeFiles/cmTryCompileExec629879269.dir/CheckFunctionExists.c.o   -c /usr/share/cmake-2.8/Modules/CheckFunctionExists.c
Linking C executable cmTryCompileExec629879269
/usr/bin/cmake -E cmake_link_script CMakeFiles/cmTryCompileExec629879269.dir/link.txt --verbose=1
/usr/bin/cc   -DCHECK_FUNCTION_EXISTS=pthread_create    CMakeFiles/cmTryCompileExec629879269.dir/CheckFunctionExists.c.o  -o cmTryCompileExec629879269 -rdynamic -lpthreads 
/usr/bin/ld: cannot find -lpthreads
collect2: error: ld returned 1 exit status
make[1]: Leaving directory `/home/pc-robot/Workspace/demo/roscpp/build/CMakeFiles/CMakeTmp'
make[1]: *** [cmTryCompileExec629879269] Error 1
make: *** [cmTryCompileExec629879269/fast] Error 2


